C51 COMPILER V9.59.0.0   INIT380                                                           05/03/2022 10:37:51 PAGE 1   


C51 COMPILER V9.59.0.0, COMPILATION OF MODULE INIT380
OBJECT MODULE PLACED IN .\obj\init380.obj
COMPILER INVOKED BY: C:\Keil_v5\C51\BIN\C51.EXE init380.c LARGE OPTIMIZE(8,SPEED) INCDIR(.\font;.\LCD;.\sys;.\touch;.\GU
                    -I;.\USER) DEBUG OBJECTEXTEND TABS(2) OBJECT(.\obj\init380.obj)

line level    source

   1          /////////////////////////////////////
   2          //  Generated Initialization File  //
   3          /////////////////////////////////////
   4          
   5          #include "compiler_defs.h"
   6          #include "C8051F380_defs.h"
   7          
   8          // Peripheral specific initialization functions,
   9          // Called from the Init_Device() function
  10          void PCA_Init()
  11          {
  12   1          PCA0CN    = 0x40;
  13   1          PCA0MD    &= ~0x40;
  14   1          PCA0MD    = 0x00;
  15   1          PCA0CPM0  = 0xC2;
  16   1      }
  17          
  18          void Timer_Init()
  19          {
  20   1          TCON      = 0x40;
  21   1          TMOD      = 0x20;
  22   1          CKCON     = 0x08;
  23   1          TH1       = 0x30;
  24   1      }
  25          
  26          void UART_Init()
  27          {
  28   1          SCON0     = 0x10;
  29   1          SBRLL1    = 0x5F;
  30   1          SBRLH1    = 0xFE;
  31   1          SCON1     = 0x10;
  32   1          SBCON1    = 0x43;
  33   1      }
  34          
  35          void SPI_Init()
  36          {
  37   1          SPI0CFG   = 0x40;
  38   1          SPI0CN    = 0x01;
  39   1          SPI0CKR   = 0x17;
  40   1      }
  41          
  42          void Port_IO_Init()
  43          {
  44   1          // P0.0  -  SCK  (SPI0), Push-Pull,  Digital
  45   1          // P0.1  -  MISO (SPI0), Open-Drain, Digital
  46   1          // P0.2  -  MOSI (SPI0), Push-Pull,  Digital
  47   1          // P0.3  -  Skipped,     Push-Pull,  Digital
  48   1          // P0.4  -  TX0 (UART0), Push-Pull,  Digital
  49   1          // P0.5  -  RX0 (UART0), Open-Drain, Digital
  50   1          // P0.6  -  Skipped,     Open-Drain, Digital
  51   1          // P0.7  -  Skipped,     Open-Drain, Digital
  52   1      
  53   1          // P1.0  -  CEX0  (PCA), Push-Pull,  Digital
  54   1          // P1.1  -  Skipped,     Open-Drain, Digital
C51 COMPILER V9.59.0.0   INIT380                                                           05/03/2022 10:37:51 PAGE 2   

  55   1          // P1.2  -  Skipped,     Open-Drain, Digital
  56   1          // P1.3  -  TX1 (UART1), Push-Pull,  Digital
  57   1          // P1.4  -  RX1 (UART1), Open-Drain, Digital
  58   1          // P1.5  -  Unassigned,  Open-Drain, Digital
  59   1          // P1.6  -  Unassigned,  Open-Drain, Digital
  60   1          // P1.7  -  Unassigned,  Open-Drain, Digital
  61   1      
  62   1          // P2.0  -  Unassigned,  Open-Drain, Digital
  63   1          // P2.1  -  Unassigned,  Open-Drain, Digital
  64   1          // P2.2  -  Unassigned,  Open-Drain, Digital
  65   1          // P2.3  -  Unassigned,  Open-Drain, Digital
  66   1          // P2.4  -  Unassigned,  Open-Drain, Digital
  67   1          // P2.5  -  Unassigned,  Open-Drain, Digital
  68   1          // P2.6  -  Unassigned,  Open-Drain, Digital
  69   1          // P2.7  -  Unassigned,  Open-Drain, Digital
  70   1      
  71   1          // P3.0  -  Unassigned,  Open-Drain, Digital
  72   1          // P3.1  -  Unassigned,  Open-Drain, Digital
  73   1          // P3.2  -  Unassigned,  Open-Drain, Digital
  74   1          // P3.3  -  Unassigned,  Open-Drain, Digital
  75   1          // P3.4  -  Unassigned,  Open-Drain, Digital
  76   1          // P3.5  -  Unassigned,  Open-Drain, Digital
  77   1          // P3.6  -  Unassigned,  Open-Drain, Digital
  78   1          // P3.7  -  Unassigned,  Open-Drain, Digital
  79   1      
  80   1          P0MDOUT   = 0x1D;
  81   1          P1MDOUT   = 0x09;
  82   1          P0SKIP    = 0xC8;
  83   1          P1SKIP    = 0x06;
  84   1          XBR0      = 0x03;
  85   1          XBR1      = 0x41;
  86   1          XBR2      = 0x01;
  87   1      }
  88          
  89          void Oscillator_Init()
  90          {
  91   1          FLSCL     = 0x90;
  92   1          CLKSEL    = 0x03;
  93   1          OSCICN    = 0xC3;
  94   1      }
  95          
  96          // Initialization function for device,
  97          // Call Init_Device() from your main program
  98          void Init_Device(void)
  99          {
 100   1          PCA_Init();
 101   1          Timer_Init();
 102   1          UART_Init();
 103   1          SPI_Init();
 104   1          Port_IO_Init();
 105   1          Oscillator_Init();
 106   1      }


MODULE INFORMATION:   STATIC OVERLAYABLE
   CODE SIZE        =    102    ----
   CONSTANT SIZE    =   ----    ----
   XDATA SIZE       =   ----    ----
   PDATA SIZE       =   ----    ----
   DATA SIZE        =   ----    ----
   IDATA SIZE       =   ----    ----
   BIT SIZE         =   ----    ----
C51 COMPILER V9.59.0.0   INIT380                                                           05/03/2022 10:37:51 PAGE 3   

END OF MODULE INFORMATION.


C51 COMPILATION COMPLETE.  0 WARNING(S),  0 ERROR(S)
